2023-03-19 04:59:28.173 - Thread:   1 ->  Log Started
2023-03-19 04:59:28.173 - Thread:   1 ->  Timezone (local - UTC): 9h
2023-03-19 04:59:28.173 - Thread:   1 ->  App Version: Version unknown
2023-03-19 04:59:28.173 - Thread:   1 ->  VRage renderer started
2023-03-19 04:59:30.193 - Thread:   1 ->  MyRender.LoadContent(...) - START
2023-03-19 04:59:30.208 - Thread:   1 ->  MyRender.LoadContent() - START
2023-03-19 04:59:30.209 - Thread:   1 ->  Settings - resolution: 1920x1080, adapter id: 0, refresh rate: 59, VSync: False, mode: Window
2023-03-19 04:59:30.212 - Thread:   1 ->  MyRender.UpdateScreenSize() - START
2023-03-19 04:59:30.212 - Thread:   1 ->  ScreenSize: 1008, 729
2023-03-19 04:59:30.215 - Thread:   1 ->  MyRenderCamera.UpdateScreenSize() - START
2023-03-19 04:59:30.215 - Thread:   1 ->  MyRenderCamera.UpdateScreenSize() - END
2023-03-19 04:59:30.215 - Thread:   1 ->  MyRender.UpdateScreenSize() - END
2023-03-19 04:59:31.131 - Thread:   1 ->  MyOcclusionQueries.LoadContent - START
2023-03-19 04:59:31.131 - Thread:   1 ->  MyOcclusionQueries.LoadContent - END
2023-03-19 04:59:31.150 - Thread:   1 ->  MyDebugDraw.LoadContent() - START
2023-03-19 04:59:34.654 - Thread:   1 ->  MyDebugDraw.LoadContent() - END
2023-03-19 04:59:34.657 - Thread:   1 ->  MyVoxelMaterials.LoadContent() - START
2023-03-19 04:59:34.754 - Thread:   1 ->  MyVoxelMaterials.LoadContent() - END
2023-03-19 04:59:34.754 - Thread:   1 ->  MyBackgroundCube.LoadContent() - START
2023-03-19 04:59:34.863 - Thread:   1 ->  MyBackgroundCube.LoadContent() - END
2023-03-19 04:59:34.865 - Thread:   1 ->  TransparentGeometry.LoadContent() - START
2023-03-19 04:59:35.006 - Thread:   1 ->     MyTransparentGeometry.LoadData - START
2023-03-19 04:59:35.020 - Thread:   1 ->  TransparentGeometry.LoadContent() - END
2023-03-19 04:59:35.021 - Thread:   1 ->  MyDecals.LoadContent() - START
2023-03-19 04:59:35.065 - Thread:   1 ->  MyDecals.LoadContent() - END
2023-03-19 04:59:35.065 - Thread:   1 ->  MyCockpitGlass.LoadContent() - START
2023-03-19 04:59:35.085 - Thread:   1 ->  MyCockpitGlass.LoadContent() - END
2023-03-19 04:59:35.087 - Thread:   1 ->  MySunGlare.LoadContent() - START
2023-03-19 04:59:35.150 - Thread:   1 ->  MySunGlare.LoadContent() - END
2023-03-19 04:59:35.151 - Thread:   1 ->  MyModels.LoadContent() - START
2023-03-19 04:59:35.218 - Thread:   1 ->  MyModels.LoadContent() - END
2023-03-19 04:59:35.222 - Thread:   1 ->  MyRender.LoadContent() - END
2023-03-19 04:59:35.222 - Thread:   1 ->  MyRender.LoadContent(...) - END
2023-03-19 04:59:40.971 - Thread:   1 ->  MyRender.UnloadContent - START
2023-03-19 04:59:40.998 - Thread:   1 ->     MyTextureManager.UnloadContent - START
2023-03-19 04:59:41.086 - Thread:   1 ->     MyTextureManager.UnloadContent - END
2023-03-19 04:59:41.088 - Thread:   1 ->     MyCockpitGlass.UnloadContent - START
2023-03-19 04:59:41.108 - Thread:   1 ->     MyCockpitGlass.UnloadContent - END
2023-03-19 04:59:41.108 - Thread:   1 ->     MyDecals.UnloadContent - START
2023-03-19 04:59:41.145 - Thread:   1 ->     MyDecals.UnloadContent - END
2023-03-19 04:59:41.145 - Thread:   1 ->     TransparentGeometry.UnloadContent - START
2023-03-19 04:59:41.187 - Thread:   1 ->     TransparentGeometry.UnloadContent - END
2023-03-19 04:59:41.187 - Thread:   1 ->     MyBackgroundCube.UnloadContent - START
2023-03-19 04:59:41.200 - Thread:   1 ->     MyBackgroundCube.UnloadContent - END
2023-03-19 04:59:41.200 - Thread:   1 ->     MyVoxelMaterials.UnloadContent - START
2023-03-19 04:59:41.226 - Thread:   1 ->     MyVoxelMaterials.UnloadContent - END
2023-03-19 04:59:41.250 - Thread:   1 ->  MyRender.UnloadContent - END
2023-03-19 04:59:41.251 - Thread:   1 ->  MyRender.LoadContent(...) - START
2023-03-19 04:59:41.251 - Thread:   1 ->  MyRender.LoadContent() - START
2023-03-19 04:59:41.251 - Thread:   1 ->  Settings - resolution: 1920x1080, adapter id: 0, refresh rate: 59, VSync: False, mode: Window
2023-03-19 04:59:41.251 - Thread:   1 ->  MyRender.UpdateScreenSize() - START
2023-03-19 04:59:41.251 - Thread:   1 ->  ScreenSize: 1008, 729
2023-03-19 04:59:41.251 - Thread:   1 ->  MyRenderCamera.UpdateScreenSize() - START
2023-03-19 04:59:41.251 - Thread:   1 ->  MyRenderCamera.UpdateScreenSize() - END
2023-03-19 04:59:41.251 - Thread:   1 ->  MyRender.UpdateScreenSize() - END
2023-03-19 04:59:41.368 - Thread:   1 ->  MyOcclusionQueries.LoadContent - START
2023-03-19 04:59:41.368 - Thread:   1 ->  MyOcclusionQueries.LoadContent - END
2023-03-19 04:59:41.368 - Thread:   1 ->  MyDebugDraw.LoadContent() - START
2023-03-19 04:59:41.639 - Thread:   1 ->  MyDebugDraw.LoadContent() - END
2023-03-19 04:59:41.639 - Thread:   1 ->  MyVoxelMaterials.LoadContent() - START
2023-03-19 04:59:41.640 - Thread:   1 ->  MyVoxelMaterials.LoadContent() - END
2023-03-19 04:59:41.640 - Thread:   1 ->  MyBackgroundCube.LoadContent() - START
2023-03-19 04:59:41.640 - Thread:   1 ->  MyBackgroundCube.LoadContent() - END
2023-03-19 04:59:41.640 - Thread:   1 ->  TransparentGeometry.LoadContent() - START
2023-03-19 04:59:41.641 - Thread:   1 ->     MyTransparentGeometry.LoadData - START
2023-03-19 04:59:41.642 - Thread:   1 ->  TransparentGeometry.LoadContent() - END
2023-03-19 04:59:41.642 - Thread:   1 ->  MyDecals.LoadContent() - START
2023-03-19 04:59:41.644 - Thread:   1 ->  MyDecals.LoadContent() - END
2023-03-19 04:59:41.644 - Thread:   1 ->  MyCockpitGlass.LoadContent() - START
2023-03-19 04:59:41.645 - Thread:   1 ->  MyCockpitGlass.LoadContent() - END
2023-03-19 04:59:41.645 - Thread:   1 ->  MySunGlare.LoadContent() - START
2023-03-19 04:59:41.650 - Thread:   1 ->  MySunGlare.LoadContent() - END
2023-03-19 04:59:41.650 - Thread:   1 ->  MyModels.LoadContent() - START
2023-03-19 04:59:41.651 - Thread:   1 ->  MyModels.LoadContent() - END
2023-03-19 04:59:41.652 - Thread:   1 ->  MyRender.LoadContent() - END
2023-03-19 04:59:41.652 - Thread:   1 ->  MyRender.LoadContent(...) - END
