2023-03-27 20:39:15.071 - Thread:   1 ->  Log Started
2023-03-27 20:39:15.072 - Thread:   1 ->  Timezone (local - UTC): 9h
2023-03-27 20:39:15.072 - Thread:   1 ->  App Version: Version unknown
2023-03-27 20:39:15.072 - Thread:   1 ->  VRage renderer started
2023-03-27 20:39:17.352 - Thread:   1 ->  MyRender.LoadContent(...) - START
2023-03-27 20:39:17.370 - Thread:   1 ->  MyRender.LoadContent() - START
2023-03-27 20:39:17.371 - Thread:   1 ->  Settings - resolution: 1920x1080, adapter id: 0, refresh rate: 40, VSync: False, mode: Window
2023-03-27 20:39:17.373 - Thread:   1 ->  MyRender.UpdateScreenSize() - START
2023-03-27 20:39:17.375 - Thread:   1 ->  ScreenSize: 1008, 729
2023-03-27 20:39:17.378 - Thread:   1 ->  MyRenderCamera.UpdateScreenSize() - START
2023-03-27 20:39:17.378 - Thread:   1 ->  MyRenderCamera.UpdateScreenSize() - END
2023-03-27 20:39:17.378 - Thread:   1 ->  MyRender.UpdateScreenSize() - END
2023-03-27 20:39:17.715 - Thread:   1 ->  MyOcclusionQueries.LoadContent - START
2023-03-27 20:39:17.715 - Thread:   1 ->  MyOcclusionQueries.LoadContent - END
2023-03-27 20:39:17.732 - Thread:   1 ->  MyDebugDraw.LoadContent() - START
2023-03-27 20:39:17.895 - Thread:   1 ->  MyDebugDraw.LoadContent() - END
2023-03-27 20:39:17.896 - Thread:   1 ->  MyVoxelMaterials.LoadContent() - START
2023-03-27 20:39:17.897 - Thread:   1 ->  MyVoxelMaterials.LoadContent() - END
2023-03-27 20:39:17.897 - Thread:   1 ->  MyBackgroundCube.LoadContent() - START
2023-03-27 20:39:17.899 - Thread:   1 ->  MyBackgroundCube.LoadContent() - END
2023-03-27 20:39:17.900 - Thread:   1 ->  TransparentGeometry.LoadContent() - START
2023-03-27 20:39:17.901 - Thread:   1 ->     MyTransparentGeometry.LoadData - START
2023-03-27 20:39:17.911 - Thread:   1 ->  TransparentGeometry.LoadContent() - END
2023-03-27 20:39:17.912 - Thread:   1 ->  MyDecals.LoadContent() - START
2023-03-27 20:39:17.927 - Thread:   1 ->  MyDecals.LoadContent() - END
2023-03-27 20:39:17.927 - Thread:   1 ->  MyCockpitGlass.LoadContent() - START
2023-03-27 20:39:17.928 - Thread:   1 ->  MyCockpitGlass.LoadContent() - END
2023-03-27 20:39:17.929 - Thread:   1 ->  MySunGlare.LoadContent() - START
2023-03-27 20:39:17.942 - Thread:   1 ->  MySunGlare.LoadContent() - END
2023-03-27 20:39:17.943 - Thread:   1 ->  MyModels.LoadContent() - START
2023-03-27 20:39:17.943 - Thread:   1 ->  MyModels.LoadContent() - END
2023-03-27 20:39:17.947 - Thread:   1 ->  MyRender.LoadContent() - END
2023-03-27 20:39:17.947 - Thread:   1 ->  MyRender.LoadContent(...) - END
2023-03-27 20:39:21.468 - Thread:   1 ->  MyRender.UnloadContent - START
2023-03-27 20:39:21.481 - Thread:   1 ->     MyTextureManager.UnloadContent - START
2023-03-27 20:39:21.568 - Thread:   1 ->     MyTextureManager.UnloadContent - END
2023-03-27 20:39:21.569 - Thread:   1 ->     MyCockpitGlass.UnloadContent - START
2023-03-27 20:39:21.570 - Thread:   1 ->     MyCockpitGlass.UnloadContent - END
2023-03-27 20:39:21.570 - Thread:   1 ->     MyDecals.UnloadContent - START
2023-03-27 20:39:21.571 - Thread:   1 ->     MyDecals.UnloadContent - END
2023-03-27 20:39:21.571 - Thread:   1 ->     TransparentGeometry.UnloadContent - START
2023-03-27 20:39:21.572 - Thread:   1 ->     TransparentGeometry.UnloadContent - END
2023-03-27 20:39:21.572 - Thread:   1 ->     MyBackgroundCube.UnloadContent - START
2023-03-27 20:39:21.572 - Thread:   1 ->     MyBackgroundCube.UnloadContent - END
2023-03-27 20:39:21.572 - Thread:   1 ->     MyVoxelMaterials.UnloadContent - START
2023-03-27 20:39:21.573 - Thread:   1 ->     MyVoxelMaterials.UnloadContent - END
2023-03-27 20:39:21.590 - Thread:   1 ->  MyRender.UnloadContent - END
2023-03-27 20:39:21.592 - Thread:   1 ->  MyRender.LoadContent(...) - START
2023-03-27 20:39:21.592 - Thread:   1 ->  MyRender.LoadContent() - START
2023-03-27 20:39:21.592 - Thread:   1 ->  Settings - resolution: 1920x1080, adapter id: 0, refresh rate: 40, VSync: False, mode: Window
2023-03-27 20:39:21.592 - Thread:   1 ->  MyRender.UpdateScreenSize() - START
2023-03-27 20:39:21.592 - Thread:   1 ->  ScreenSize: 1008, 729
2023-03-27 20:39:21.592 - Thread:   1 ->  MyRenderCamera.UpdateScreenSize() - START
2023-03-27 20:39:21.592 - Thread:   1 ->  MyRenderCamera.UpdateScreenSize() - END
2023-03-27 20:39:21.592 - Thread:   1 ->  MyRender.UpdateScreenSize() - END
2023-03-27 20:39:21.627 - Thread:   1 ->  MyOcclusionQueries.LoadContent - START
2023-03-27 20:39:21.627 - Thread:   1 ->  MyOcclusionQueries.LoadContent - END
2023-03-27 20:39:21.627 - Thread:   1 ->  MyDebugDraw.LoadContent() - START
2023-03-27 20:39:21.643 - Thread:   1 ->  MyDebugDraw.LoadContent() - END
2023-03-27 20:39:21.643 - Thread:   1 ->  MyVoxelMaterials.LoadContent() - START
2023-03-27 20:39:21.643 - Thread:   1 ->  MyVoxelMaterials.LoadContent() - END
2023-03-27 20:39:21.643 - Thread:   1 ->  MyBackgroundCube.LoadContent() - START
2023-03-27 20:39:21.643 - Thread:   1 ->  MyBackgroundCube.LoadContent() - END
2023-03-27 20:39:21.643 - Thread:   1 ->  TransparentGeometry.LoadContent() - START
2023-03-27 20:39:21.644 - Thread:   1 ->     MyTransparentGeometry.LoadData - START
2023-03-27 20:39:21.644 - Thread:   1 ->  TransparentGeometry.LoadContent() - END
2023-03-27 20:39:21.644 - Thread:   1 ->  MyDecals.LoadContent() - START
2023-03-27 20:39:21.645 - Thread:   1 ->  MyDecals.LoadContent() - END
2023-03-27 20:39:21.645 - Thread:   1 ->  MyCockpitGlass.LoadContent() - START
2023-03-27 20:39:21.646 - Thread:   1 ->  MyCockpitGlass.LoadContent() - END
2023-03-27 20:39:21.646 - Thread:   1 ->  MySunGlare.LoadContent() - START
2023-03-27 20:39:21.648 - Thread:   1 ->  MySunGlare.LoadContent() - END
2023-03-27 20:39:21.648 - Thread:   1 ->  MyModels.LoadContent() - START
2023-03-27 20:39:21.648 - Thread:   1 ->  MyModels.LoadContent() - END
2023-03-27 20:39:21.649 - Thread:   1 ->  MyRender.LoadContent() - END
2023-03-27 20:39:21.649 - Thread:   1 ->  MyRender.LoadContent(...) - END
